<?xml version="1.0" encoding="UTF-8"?>
<!-- Generated by org.testng.reporters.JUnitReportReporter -->
<testsuite skipped="0" hostname="ANAND-PC" name="JustDialPages.Main" tests="4" failures="0" timestamp="2022-01-05T09:49:46 IST" time="22.055" errors="0">
  <testcase name="searchTextBoxAndRemoveAd" time="12.608" classname="JustDialPages.Main"/>
  <system-out/>
  <testcase name="CarServiceInfoSearching" time="2.785" classname="JustDialPages.Main"/>
  <system-out/>
  <testcase name="ListingPage" time="2.408" classname="JustDialPages.Main"/>
  <system-out/>
  <testcase name="FitnessPage" time="4.254" classname="JustDialPages.Main"/>
  <system-out/>
</testsuite> <!-- JustDialPages.Main -->
