<?xml version="1.0" encoding="UTF-8"?>
<!-- Generated by org.testng.reporters.JUnitReportReporter -->
<testsuite hostname="LTIN251846" failures="0" tests="1" name="ui.Valid_Details" time="3.403" errors="0" timestamp="30 Dec 2021 15:28:03 GMT" skipped="0">
  <testcase classname="ui.Valid_Details" name="search_service" time="3.403"/>
</testsuite> <!-- ui.Valid_Details -->
